<?xml version="1.0" encoding="UTF-8"?>
<!-- Generated by org.testng.reporters.JUnitReportReporter -->
<testsuite hostname="Vireshs-MacBook-Air.local" failures="0" tests="2" name="day27.Demo11Child" time="0.022" errors="0" timestamp="2024-11-22T15:49:05 CET" skipped="0">
  <testcase classname="day27.Demo11Child" name="deleteCustomer" time="0.005"/>
  <system-out>
    <![CDATA[Delete Customer]]>
  </system-out>
  <testcase classname="day27.Demo11Child" name="createCustomer" time="0.017"/>
  <system-out>
    <![CDATA[Create Customer]]>
  </system-out>
</testsuite> <!-- day27.Demo11Child -->
