<?xml version="1.0" encoding="UTF-8"?>
<!-- Generated by org.testng.reporters.JUnitReportReporter -->
<testsuite hostname="Vireshs-MacBook-Air.local" failures="0" tests="4" name="day27.Demo7" time="0.054" errors="0" timestamp="2024-11-22T15:20:08 CET" skipped="0">
  <testcase classname="day27.Demo7" name="testA" time="0.016"/>
  <system-out>
    <![CDATA[Apple]]>
  </system-out>
  <testcase classname="day27.Demo7" name="testA" time="0.012"/>
  <system-out>
    <![CDATA[Chiku]]>
  </system-out>
  <testcase classname="day27.Demo7" name="testA" time="0.006"/>
  <system-out>
    <![CDATA[Grapes]]>
  </system-out>
  <testcase classname="day27.Demo7" name="testA" time="0.020"/>
  <system-out>
    <![CDATA[Banana]]>
  </system-out>
</testsuite> <!-- day27.Demo7 -->
