<?xml version="1.0" encoding="UTF-8"?>
<!-- Generated by org.testng.reporters.JUnitReportReporter -->
<testsuite hostname="Vireshs-MacBook-Air.local" failures="0" tests="2" name="day27.Demo8" time="0.019" errors="0" timestamp="2024-11-22T15:28:07 CET" skipped="0">
  <testcase classname="day27.Demo8" name="testA" time="0.017"/>
  <system-out>
    <![CDATA[UserAA1A2]]>
  </system-out>
  <testcase classname="day27.Demo8" name="testA" time="0.002"/>
  <system-out>
    <![CDATA[UserBB1B2]]>
  </system-out>
</testsuite> <!-- day27.Demo8 -->
