<?xml version="1.0" encoding="UTF-8"?>
<!-- Generated by org.testng.reporters.JUnitReportReporter -->
<testsuite hostname="Vireshs-MacBook-Air.local" failures="0" tests="1" name="day27.Demo3" time="0.014" errors="0" timestamp="2024-11-22T14:49:02 CET" skipped="0">
  <testcase classname="day27.Demo3" name="m3" time="0.014"/>
  <system-out/>
</testsuite> <!-- day27.Demo3 -->
