<?xml version="1.0" encoding="UTF-8"?>
<!-- Generated by org.testng.reporters.JUnitReportReporter -->
<testsuite hostname="Vireshs-MacBook-Air.local" failures="0" tests="1" name="day29.Demo3" time="0.013" errors="0" timestamp="2024-11-27T14:53:30 CET" skipped="0">
  <testcase classname="day29.Demo3" name="testA" time="0.013"/>
  <system-out>
    <![CDATA[testA:Mysore]]>
  </system-out>
</testsuite> <!-- day29.Demo3 -->
