<?xml version="1.0" encoding="UTF-8"?>
<!-- Generated by org.testng.reporters.JUnitReportReporter -->
<testsuite hostname="Vireshs-MacBook-Air.local" failures="0" tests="3" name="day27.Demo5" time="0.038" errors="0" timestamp="2024-11-22T15:05:14 CET" skipped="0">
  <testcase classname="day27.Demo5" name="testA" time="0.013"/>
  <system-out>
    <![CDATA[true]]>
  </system-out>
  <testcase classname="day27.Demo5" name="testA" time="0.004"/>
  <system-out>
    <![CDATA[10]]>
  </system-out>
  <testcase classname="day27.Demo5" name="testA" time="0.021"/>
  <system-out>
    <![CDATA[Apple]]>
  </system-out>
</testsuite> <!-- day27.Demo5 -->
