<?xml version="1.0" encoding="UTF-8"?>
<!-- Generated by org.testng.reporters.JUnitReportReporter -->
<testsuite hostname="Vireshs-MacBook-Air.local" failures="0" tests="1" name="day27.Demo12" time="0.025" errors="0" timestamp="2024-11-22T15:58:06 CET" skipped="0">
  <testcase classname="day27.Demo12" name="f" time="0.025"/>
  <system-out>
    <![CDATA[@Test]]>
  </system-out>
</testsuite> <!-- day27.Demo12 -->
