<?xml version="1.0" encoding="UTF-8"?>
<!-- Generated by org.testng.reporters.JUnitReportReporter -->
<testsuite hostname="Vireshs-MacBook-Air.local" failures="0" tests="3" name="day27.Demo6" time="0.033" errors="0" timestamp="2024-11-22T15:13:27 CET" skipped="0">
  <testcase classname="day27.Demo6" name="testA" time="0.005"/>
  <system-out>
    <![CDATA[UserCC1C2]]>
  </system-out>
  <testcase classname="day27.Demo6" name="testA" time="0.007"/>
  <system-out>
    <![CDATA[UserBB1B2]]>
  </system-out>
  <testcase classname="day27.Demo6" name="testA" time="0.021"/>
  <system-out>
    <![CDATA[UserAA1A2]]>
  </system-out>
</testsuite> <!-- day27.Demo6 -->
