<?xml version="1.0" encoding="UTF-8"?>
<!-- Generated by org.testng.reporters.JUnitReportReporter -->
<testsuite hostname="Vireshs-MacBook-Air.local" failures="0" tests="2" name="day30.Demo2" time="50.710" errors="0" timestamp="2024-11-28T15:41:58 CET" skipped="0">
  <testcase classname="day30.Demo2" name="testA" time="25.701"/>
  <system-out>
    <![CDATA[Open Edge Browser in Akashara Grid]]>
  </system-out>
  <testcase classname="day30.Demo2" name="testA" time="25.009"/>
  <system-out>
    <![CDATA[Open Chrome Browser in Saucelabs Grid]]>
  </system-out>
</testsuite> <!-- day30.Demo2 -->
