<?xml version="1.0" encoding="UTF-8"?>
<!-- Generated by org.testng.reporters.JUnitReportReporter -->
<testsuite hostname="Vireshs-MacBook-Air.local" failures="0" tests="3" name="day27.Demo9" time="0.048" errors="0" timestamp="2024-11-22T15:42:55 CET" skipped="0">
  <testcase classname="day27.Demo9" name="m1" time="0.002"/>
  <system-out>
    <![CDATA[m1]]>
  </system-out>
  <testcase classname="day27.Demo9" name="m1" time="0.029"/>
  <system-out>
    <![CDATA[m1]]>
  </system-out>
  <testcase classname="day27.Demo9" name="m1" time="0.017"/>
  <system-out>
    <![CDATA[m1]]>
  </system-out>
</testsuite> <!-- day27.Demo9 -->
