<?xml version="1.0" encoding="UTF-8"?>
<!-- Generated by org.testng.reporters.JUnitReportReporter -->
<testsuite hostname="Vireshs-MacBook-Air.local" failures="0" tests="6" name="day28.Demo3" time="0.060" errors="0" timestamp="2024-11-26T15:23:17 CET" skipped="1">
  <testcase classname="day28.Demo3" name="createCustomer" time="0.021"/>
  <system-out>
    <![CDATA[createCustomer]]>
  </system-out>
  <testcase classname="day28.Demo3" name="editCustomer" time="0.009"/>
  <system-out>
    <![CDATA[editCustomer]]>
  </system-out>
  <testcase classname="day28.Demo3" name="deleteCustomer" time="0.007"/>
  <system-out>
    <![CDATA[deleteCustomer]]>
  </system-out>
  <testcase classname="day28.Demo3" name="createProduct" time="0.018"/>
  <system-out>
    <![CDATA[createProduct]]>
  </system-out>
  <testcase classname="day28.Demo3" name="editProduct" time="0.005"/>
  <system-out>
    <![CDATA[editProduct]]>
  </system-out>
  <testcase classname="day28.Demo3" name="deleteProduct">
    <skipped/>
  </testcase> <!-- deleteProduct -->
  <system-out/>
</testsuite> <!-- day28.Demo3 -->
