<?xml version="1.0" encoding="UTF-8"?>
<!-- Generated by org.testng.reporters.JUnitReportReporter -->
<testsuite hostname="Vireshs-MacBook-Air.local" failures="0" tests="1" name="day29.Demo4" time="0.027" errors="0" timestamp="2024-11-27T15:00:54 CET" skipped="0">
  <testcase classname="day29.Demo4" name="testA" time="0.027"/>
  <system-out>
    <![CDATA[testA:Pune100]]>
  </system-out>
</testsuite> <!-- day29.Demo4 -->
