<?xml version="1.0" encoding="UTF-8"?>
<!-- Generated by org.testng.reporters.JUnitReportReporter -->
<testsuite hostname="Vireshs-MacBook-Air.local" failures="0" tests="1" name="day28.Demo1" time="0.020" errors="0" timestamp="2024-11-27T13:54:09 CET" skipped="0">
  <testcase classname="day28.Demo1" name="testA" time="0.020"/>
  <system-out>
    <![CDATA[@TestA]]>
  </system-out>
</testsuite> <!-- day28.Demo1 -->
