<?xml version="1.0" encoding="UTF-8"?>
<!-- Generated by org.testng.reporters.JUnitReportReporter -->
<testsuite hostname="Vireshs-MacBook-Air.local" failures="0" tests="1" name="day26.Demo4" time="0.019" errors="0" timestamp="2024-11-20T15:55:42 CET" skipped="0">
  <testcase classname="day26.Demo4" name="m1" time="0.019"/>
  <system-out/>
</testsuite> <!-- day26.Demo4 -->
