<?xml version="1.0" encoding="UTF-8"?>
<!-- Generated by org.testng.reporters.JUnitReportReporter -->
<testsuite hostname="Vireshs-MacBook-Air.local" failures="0" tests="1" name="day27.Demo1" time="0.021" errors="0" timestamp="2024-11-22T14:49:02 CET" skipped="0">
  <testcase classname="day27.Demo1" name="m1" time="0.021"/>
  <system-out>
    <![CDATA[***m1 of Demo1***
$$$m1 of Demo1$$$]]>
  </system-out>
</testsuite> <!-- day27.Demo1 -->
