<?xml version="1.0" encoding="UTF-8"?>
<!-- Generated by org.testng.reporters.JUnitReportReporter -->
<testsuite hostname="Vireshs-MacBook-Air.local" failures="0" tests="1" name="day28.Demo2" time="0.006" errors="0" timestamp="2024-11-26T14:59:47 CET" skipped="0">
  <testcase classname="day28.Demo2" name="testB" time="0.006"/>
  <system-out>
    <![CDATA[@TestB]]>
  </system-out>
</testsuite> <!-- day28.Demo2 -->
