<?xml version="1.0" encoding="UTF-8"?>
<!-- Generated by org.testng.reporters.JUnitReportReporter -->
<testsuite hostname="Vireshs-MacBook-Air.local" failures="0" tests="4" name="day27.Demo4" time="0.033" errors="0" timestamp="2024-11-22T15:03:02 CET" skipped="0">
  <testcase classname="day27.Demo4" name="testA" time="0.006"/>
  <system-out>
    <![CDATA[Banana]]>
  </system-out>
  <testcase classname="day27.Demo4" name="testA" time="0.012"/>
  <system-out>
    <![CDATA[Mango]]>
  </system-out>
  <testcase classname="day27.Demo4" name="testA" time="0.013"/>
  <system-out>
    <![CDATA[Apple]]>
  </system-out>
  <testcase classname="day27.Demo4" name="testA" time="0.002"/>
  <system-out>
    <![CDATA[Grapes]]>
  </system-out>
</testsuite> <!-- day27.Demo4 -->
